<?xml version="1.0" encoding="UTF-8"?>
<!-- Generated by org.testng.reporters.JUnitReportReporter -->
<testsuite skipped="0" hostname="Rahuls-MacBook-Pro.local" name="test1.Testcase3" tests="1" failures="0" timestamp="2021-06-19T00:57:22 EDT" time="0.001" errors="0">
  <testcase name="AnotherHomepageTest" time="0.001" classname="test1.Testcase3"/>
  <system-out/>
</testsuite> <!-- test1.Testcase3 -->
