<?xml version="1.0" encoding="UTF-8"?>
<!-- Generated by org.testng.reporters.JUnitReportReporter -->
<testsuite skipped="0" hostname="Rahuls-MacBook-Pro.local" name="test.Testcase2" tests="4" failures="0" timestamp="2021-06-19T02:55:39 EDT" time="0.005" errors="0">
  <testcase name="HomepageTest4" time="0.001" classname="test.Testcase2"/>
  <system-out/>
  <testcase name="HomepageTest" time="0.002" classname="test.Testcase2"/>
  <system-out/>
  <testcase name="HomepageTest2" time="0.001" classname="test.Testcase2"/>
  <system-out/>
  <testcase name="HomepageTest3" time="0.001" classname="test.Testcase2"/>
  <system-out/>
</testsuite> <!-- test.Testcase2 -->
