<?xml version="1.0" encoding="UTF-8"?>
<!-- Generated by org.testng.reporters.JUnitReportReporter -->
<testsuite skipped="1" hostname="Rahuls-MacBook-Pro.local" name="test.Testcase1" tests="5" failures="0" timestamp="2021-06-19T02:55:39 EDT" time="0.007" errors="0">
  <testcase name="RandomTests" time="0.002" classname="test.Testcase1"/>
  <system-out/>
  <testcase name="LogoutTests" time="0.001" classname="test.Testcase1"/>
  <system-out/>
  <testcase name="DataEntryTests" time="0.002" classname="test.Testcase1"/>
  <system-out/>
  <testcase name="LoginTest" time="0.002" classname="test.Testcase1"/>
  <system-out/>
  <testcase name="SignUpTest" classname="test.Testcase1">
    <skipped/>
  </testcase> <!-- SignUpTest -->
  <system-out/>
</testsuite> <!-- test.Testcase1 -->
