<?xml version="1.0" encoding="UTF-8"?>
<!-- Generated by org.testng.reporters.JUnitReportReporter -->
<testsuite skipped="0" hostname="Rahuls-MacBook-Pro.local" name="ShoppingTest.Cart" tests="2" failures="0" timestamp="2021-06-20T02:55:37 EDT" time="0.364" errors="0">
  <testcase name="addToCart" time="0.057" classname="ShoppingTest.Cart"/>
  <system-out/>
  <testcase name="Login" time="0.307" classname="ShoppingTest.Cart"/>
  <system-out/>
</testsuite> <!-- ShoppingTest.Cart -->
