<?xml version="1.0" encoding="UTF-8"?>
<!-- Generated by org.testng.reporters.JUnitReportReporter -->
<testsuite skipped="1" hostname="Rahuls-MacBook-Pro.local" name="test.LoginTest" tests="2" failures="0" timestamp="2021-07-02T23:06:15 EDT" time="12.515" errors="0">
  <testcase name="LoginTest2" time="12.515" classname="test.LoginTest"/>
  <system-out/>
  <testcase name="LoginTest" classname="test.LoginTest">
    <skipped/>
  </testcase> <!-- LoginTest -->
  <system-out/>
</testsuite> <!-- test.LoginTest -->
